<?xml version="1.0" encoding="UTF-8"?>
<!-- Generated by org.testng.reporters.JUnitXMLReporter -->
<testsuite ignored="0" hostname="DESKTOP-0L5D1S3" failures="0" tests="3" name="Test" time="22.538" errors="0" timestamp="2024-09-02T20:06:42 IST">
  <testcase classname="actitime.script.ValidateCheckBox" name="validateCheckBox" time="0.116"/>
  <testcase classname="actitime.script.ValidateValidLoginPage" name="validateValidLoginPage" time="0.461"/>
  <testcase classname="actitime.script.ValidateVersion" name="validateVersionE" time="1.562"/>
</testsuite> <!-- Test -->
