<?xml version="1.0" encoding="UTF-8"?>
<testng-results ignored="0" total="1" passed="1" failed="0" skipped="0">
  <reporter-output>
  </reporter-output>
  <suite started-at="2024-09-02T20:34:57 IST" name="Default suite" finished-at="2024-09-02T20:36:40 IST" duration-ms="102442">
    <groups>
    </groups>
    <test started-at="2024-09-02T20:34:57 IST" name="Default test" finished-at="2024-09-02T20:36:40 IST" duration-ms="102442">
      <class name="actitime.script.ValidateCreateTask">
        <test-method is-config="true" signature="preCondition()[pri:0, instance:actitime.script.ValidateCreateTask@9353778]" started-at="2024-09-02T20:34:57 IST" name="preCondition" finished-at="2024-09-02T20:35:03 IST" duration-ms="5666" status="PASS">
          <reporter-output>
          </reporter-output>
        </test-method> <!-- preCondition -->
        <test-method signature="validateCreateTask()[pri:0, instance:actitime.script.ValidateCreateTask@9353778]" started-at="2024-09-02T20:35:03 IST" name="validateCreateTask" finished-at="2024-09-02T20:36:37 IST" duration-ms="94496" status="PASS">
          <reporter-output>
          </reporter-output>
        </test-method> <!-- validateCreateTask -->
        <test-method is-config="true" signature="postCondtion()[pri:0, instance:actitime.script.ValidateCreateTask@9353778]" started-at="2024-09-02T20:36:37 IST" name="postCondtion" finished-at="2024-09-02T20:36:40 IST" duration-ms="2232" status="PASS">
          <reporter-output>
          </reporter-output>
        </test-method> <!-- postCondtion -->
      </class> <!-- actitime.script.ValidateCreateTask -->
    </test> <!-- Default test -->
  </suite> <!-- Default suite -->
</testng-results>
